MPASM  5.50                          MAIN.ASM   9-24-2024  19:10:24         PAGE  1


LOC  OBJECT CODE     LINE SOURCE TEXT
  VALUE

Warning[205]: Found directive in column 1. (list)
                      00001 list p=16f877a
Warning[205]: Found directive in column 1. (include)
                      00002 include "p16f877a.inc"
                      00001         LIST
                      00002 
                      00003 ;==========================================================================
                      00004 ;  MPASM PIC16F877A processor include
                      00005 ; 
                      00006 ;  (c) Copyright 1999-2013 Microchip Technology, All rights reserved
                      00007 ;==========================================================================
                      00008 
                      00566         LIST
                      00003 
                      00004 ; RB0 ===> input for b3 (bottom sensor, no water = 1)
                      00005 ; RB1 ===> input for b2 (mid sensor, no water = 1)
                      00006 ; RB2 ===> input for b1 (top sensor, no water = 1)
                      00007 ; RB5 ===> input for h3 (top sensor, no water = 1)
                      00008 ; RB6 ===> input for h2 (mid sensor, no water = 1)
                      00009 ; RB7 ===> input for h1 (bottom sensor, no water = 1)
                      00010 ; RA0 ===> output for P1
                      00011 ; RA1 ===> output for P2
                      00012 ; RA2 ===> output for P3
                      00013 
0000                  00014 INIT
0000   1683           00015     bsf STATUS, 5        ; select Bank 1
Message[302]: Register in operand not in bank 0.  Ensure that bank bits are correct.
0001   0185           00016     clrf TRISA           ; set PORTA as output
0002   30FF           00017     movlw b'11111111'    
Message[302]: Register in operand not in bank 0.  Ensure that bank bits are correct.
0003   0086           00018     movwf TRISB          ; set PORTB as input
0004   1283           00019     bcf STATUS, 5        ; return to Bank 0
0005   0185           00020     clrf PORTA           ; initialize PORTA (all outputs off)
                      00021 
0006                  00022 MAIN
                      00023     ; Pump 1 Control
0006   1D06           00024     btfss PORTB, 2       ; Check if b1 (RB2) is 0 (water present)
0007   2809           00025     goto CHECK_H1        ; If b1 is 1 (no water), check h1 (RB7)
0008   280E           00026     goto P1_OFF          ; If b1 is 0, P1 is off
                      00027 
0009                  00028 CHECK_H1
0009   1F86           00029     btfss PORTB, 7       ; Check if h1 (RB7) is 0 (water present)
000A   280C           00030     goto P1_ON           ; If h1 is 1 (no water), turn on P1
000B   280E           00031     goto P1_OFF          ; If h1 is 0, P1 is off
                      00032 
000C                  00033 P1_ON
000C   1405           00034     bsf PORTA, 0         ; Turn on P1
000D   2810           00035     goto CHECK_P2        ; Move to next pump check
                      00036 
000E                  00037 P1_OFF
000E   1005           00038     bcf PORTA, 0         ; Turn off P1
000F   2810           00039     goto CHECK_P2        ; Move to next pump check
                      00040 
MPASM  5.50                          MAIN.ASM   9-24-2024  19:10:24         PAGE  2


LOC  OBJECT CODE     LINE SOURCE TEXT
  VALUE

                      00041 ; Pump 2 Control
0010                  00042 CHECK_P2
0010   1C86           00043     btfss PORTB, 1       ; Check if b2 (RB1) is 0 (water present)
0011   2813           00044     goto CHECK_H2        ; If b2 is 1 (no water), check h2 (RB6)
0012   2818           00045     goto P2_OFF          ; If b2 is 0, P2 is off
                      00046 
0013                  00047 CHECK_H2
0013   1F06           00048     btfss PORTB, 6       ; Check if h2 (RB6) is 0 (water present)
0014   2816           00049     goto P2_ON           ; If h2 is 1 (no water), turn on P2
0015   2818           00050     goto P2_OFF          ; If h2 is 0, P2 is off
                      00051 
0016                  00052 P2_ON
0016   1485           00053     bsf PORTA, 1         ; Turn on P2
0017   281A           00054     goto CHECK_P3        ; Move to next pump check
                      00055 
0018                  00056 P2_OFF
0018   1085           00057     bcf PORTA, 1         ; Turn off P2
0019   281A           00058     goto CHECK_P3        ; Move to next pump check
                      00059 
                      00060 ; Pump 3 Control
001A                  00061 CHECK_P3
001A   1C06           00062     btfss PORTB, 0       ; Check if b3 (RB0) is 0 (water present)
001B   281D           00063     goto CHECK_H3        ; If b3 is 1 (no water), check h3 (RB5)
001C   2822           00064     goto P3_OFF          ; If b3 is 0, P3 is off
                      00065 
001D                  00066 CHECK_H3
001D   1E86           00067     btfss PORTB, 5       ; Check if h3 (RB5) is 0 (water present)
001E   2820           00068     goto P3_ON           ; If h3 is 1 (no water), turn on P3
001F   2822           00069     goto P3_OFF          ; If h3 is 0, P3 is off
                      00070 
0020                  00071 P3_ON
0020   1505           00072     bsf PORTA, 2         ; Turn on P3
0021   2806           00073     goto MAIN            ; Repeat the main loop
                      00074 
0022                  00075 P3_OFF
0022   1105           00076     bcf PORTA, 2         ; Turn off P3
0023   2806           00077     goto MAIN            ; Repeat the main loop
                      00078 
Warning[205]: Found directive in column 1. (end)
                      00079 end
MPASM  5.50                          MAIN.ASM   9-24-2024  19:10:24         PAGE  3


SYMBOL TABLE
  LABEL                             VALUE 

ACKDT                             00000005
ACKEN                             00000004
ACKSTAT                           00000006
ADCON0                            0000001F
ADCON1                            0000009F
ADCS0                             00000006
ADCS1                             00000007
ADCS2                             00000006
ADDEN                             00000003
ADFM                              00000007
ADIE                              00000006
ADIF                              00000006
ADON                              00000000
ADRESH                            0000001E
ADRESL                            0000009E
BCLIE                             00000003
BCLIF                             00000003
BF                                00000000
BRGH                              00000002
C                                 00000000
C1INV                             00000004
C1OUT                             00000006
C2INV                             00000005
C2OUT                             00000007
CCP1CON                           00000017
CCP1IE                            00000002
CCP1IF                            00000002
CCP1M0                            00000000
CCP1M1                            00000001
CCP1M2                            00000002
CCP1M3                            00000003
CCP1X                             00000005
CCP1Y                             00000004
CCP2CON                           0000001D
CCP2IE                            00000000
CCP2IF                            00000000
CCP2M0                            00000000
CCP2M1                            00000001
CCP2M2                            00000002
CCP2M3                            00000003
CCP2X                             00000005
CCP2Y                             00000004
CCPR1                             00000015
CCPR1H                            00000016
CCPR1L                            00000015
CCPR2                             0000001B
CCPR2H                            0000001C
CCPR2L                            0000001B
CHECK_H1                          00000009
CHECK_H2                          00000013
CHECK_H3                          0000001D
CHECK_P2                          00000010
CHECK_P3                          0000001A
MPASM  5.50                          MAIN.ASM   9-24-2024  19:10:24         PAGE  4


SYMBOL TABLE
  LABEL                             VALUE 

CHS0                              00000003
CHS1                              00000004
CHS2                              00000005
CIS                               00000003
CKE                               00000006
CKP                               00000004
CM0                               00000000
CM1                               00000001
CM2                               00000002
CMCON                             0000009C
CMIE                              00000006
CMIF                              00000006
CREN                              00000004
CSRC                              00000007
CVR0                              00000000
CVR1                              00000001
CVR2                              00000002
CVR3                              00000003
CVRCON                            0000009D
CVREN                             00000007
CVROE                             00000006
CVRR                              00000005
D                                 00000005
DATA_ADDRESS                      00000005
DC                                00000001
D_A                               00000005
D_NOT_A                           00000005
EEADR                             0000010D
EEADRH                            0000010F
EECON1                            0000018C
EECON2                            0000018D
EEDATA                            0000010C
EEDATH                            0000010E
EEIE                              00000004
EEIF                              00000004
EEPGD                             00000007
F                                 00000001
FERR                              00000002
FSR                               00000004
GCEN                              00000007
GIE                               00000007
GO                                00000002
GO_DONE                           00000002
GO_NOT_DONE                       00000002
I2C_DATA                          00000005
I2C_READ                          00000002
I2C_START                         00000003
I2C_STOP                          00000004
IBF                               00000007
IBOV                              00000005
INDF                              00000000
INIT                              00000000
INTCON                            0000000B
MPASM  5.50                          MAIN.ASM   9-24-2024  19:10:24         PAGE  5


SYMBOL TABLE
  LABEL                             VALUE 

INTE                              00000004
INTEDG                            00000006
INTF                              00000001
IRP                               00000007
MAIN                              00000006
NOT_A                             00000005
NOT_ADDRESS                       00000005
NOT_BO                            00000000
NOT_BOR                           00000000
NOT_DONE                          00000002
NOT_PD                            00000003
NOT_POR                           00000001
NOT_RBPU                          00000007
NOT_RC8                           00000006
NOT_T1SYNC                        00000002
NOT_TO                            00000004
NOT_TX8                           00000006
NOT_W                             00000002
NOT_WRITE                         00000002
OBF                               00000006
OERR                              00000001
OPTION_REG                        00000081
P                                 00000004
P1_OFF                            0000000E
P1_ON                             0000000C
P2_OFF                            00000018
P2_ON                             00000016
P3_OFF                            00000022
P3_ON                             00000020
PCFG0                             00000000
PCFG1                             00000001
PCFG2                             00000002
PCFG3                             00000003
PCL                               00000002
PCLATH                            0000000A
PCON                              0000008E
PEIE                              00000006
PEN                               00000002
PIE1                              0000008C
PIE2                              0000008D
PIR1                              0000000C
PIR2                              0000000D
PORTA                             00000005
PORTB                             00000006
PORTC                             00000007
PORTD                             00000008
PORTE                             00000009
PR2                               00000092
PS0                               00000000
PS1                               00000001
PS2                               00000002
PSA                               00000003
PSPIE                             00000007
MPASM  5.50                          MAIN.ASM   9-24-2024  19:10:24         PAGE  6


SYMBOL TABLE
  LABEL                             VALUE 

PSPIF                             00000007
PSPMODE                           00000004
R                                 00000002
RA0                               00000000
RA1                               00000001
RA2                               00000002
RA3                               00000003
RA4                               00000004
RA5                               00000005
RB0                               00000000
RB1                               00000001
RB2                               00000002
RB3                               00000003
RB4                               00000004
RB5                               00000005
RB6                               00000006
RB7                               00000007
RBIE                              00000003
RBIF                              00000000
RC0                               00000000
RC1                               00000001
RC2                               00000002
RC3                               00000003
RC4                               00000004
RC5                               00000005
RC6                               00000006
RC7                               00000007
RC8_9                             00000006
RC9                               00000006
RCD8                              00000000
RCEN                              00000003
RCIE                              00000005
RCIF                              00000005
RCREG                             0000001A
RCSTA                             00000018
RD                                00000000
RD0                               00000000
RD1                               00000001
RD2                               00000002
RD3                               00000003
RD4                               00000004
RD5                               00000005
RD6                               00000006
RD7                               00000007
RE0                               00000000
RE1                               00000001
RE2                               00000002
READ_WRITE                        00000002
RP0                               00000005
RP1                               00000006
RSEN                              00000001
RX9                               00000006
RX9D                              00000000
MPASM  5.50                          MAIN.ASM   9-24-2024  19:10:24         PAGE  7


SYMBOL TABLE
  LABEL                             VALUE 

R_NOT_W                           00000002
R_W                               00000002
S                                 00000003
SEN                               00000000
SMP                               00000007
SPBRG                             00000099
SPEN                              00000007
SREN                              00000005
SSPADD                            00000093
SSPBUF                            00000013
SSPCON                            00000014
SSPCON2                           00000091
SSPEN                             00000005
SSPIE                             00000003
SSPIF                             00000003
SSPM0                             00000000
SSPM1                             00000001
SSPM2                             00000002
SSPM3                             00000003
SSPOV                             00000006
SSPSTAT                           00000094
STATUS                            00000003
SYNC                              00000004
T0CS                              00000005
T0IE                              00000005
T0IF                              00000002
T0SE                              00000004
T1CKPS0                           00000004
T1CKPS1                           00000005
T1CON                             00000010
T1INSYNC                          00000002
T1OSCEN                           00000003
T1SYNC                            00000002
T2CKPS0                           00000000
T2CKPS1                           00000001
T2CON                             00000012
TMR0                              00000001
TMR0IE                            00000005
TMR0IF                            00000002
TMR1                              0000000E
TMR1CS                            00000001
TMR1H                             0000000F
TMR1IE                            00000000
TMR1IF                            00000000
TMR1L                             0000000E
TMR1ON                            00000000
TMR2                              00000011
TMR2IE                            00000001
TMR2IF                            00000001
TMR2ON                            00000002
TOUTPS0                           00000003
TOUTPS1                           00000004
TOUTPS2                           00000005
MPASM  5.50                          MAIN.ASM   9-24-2024  19:10:24         PAGE  8


SYMBOL TABLE
  LABEL                             VALUE 

TOUTPS3                           00000006
TRISA                             00000085
TRISA0                            00000000
TRISA1                            00000001
TRISA2                            00000002
TRISA3                            00000003
TRISA4                            00000004
TRISA5                            00000005
TRISB                             00000086
TRISB0                            00000000
TRISB1                            00000001
TRISB2                            00000002
TRISB3                            00000003
TRISB4                            00000004
TRISB5                            00000005
TRISB6                            00000006
TRISB7                            00000007
TRISC                             00000087
TRISC0                            00000000
TRISC1                            00000001
TRISC2                            00000002
TRISC3                            00000003
TRISC4                            00000004
TRISC5                            00000005
TRISC6                            00000006
TRISC7                            00000007
TRISD                             00000088
TRISD0                            00000000
TRISD1                            00000001
TRISD2                            00000002
TRISD3                            00000003
TRISD4                            00000004
TRISD5                            00000005
TRISD6                            00000006
TRISD7                            00000007
TRISE                             00000089
TRISE0                            00000000
TRISE1                            00000001
TRISE2                            00000002
TRMT                              00000001
TX8_9                             00000006
TX9                               00000006
TX9D                              00000000
TXD8                              00000000
TXEN                              00000005
TXIE                              00000004
TXIF                              00000004
TXREG                             00000019
TXSTA                             00000098
UA                                00000001
W                                 00000000
WCOL                              00000007
WR                                00000001
MPASM  5.50                          MAIN.ASM   9-24-2024  19:10:24         PAGE  9


SYMBOL TABLE
  LABEL                             VALUE 

WREN                              00000002
WRERR                             00000003
Z                                 00000002
_BODEN_OFF                        00003FBF
_BODEN_ON                         00003FFF
_BOREN_OFF                        00003FBF
_BOREN_ON                         00003FFF
_CONFIG                           00002007
_CPD_OFF                          00003FFF
_CPD_ON                           00003EFF
_CP_ALL                           00001FFF
_CP_OFF                           00003FFF
_CP_ON                            00001FFF
_DEBUG_OFF                        00003FFF
_DEBUG_ON                         000037FF
_DEVID1                           00002006
_FOSC_EXTRC                       00003FFF
_FOSC_HS                          00003FFE
_FOSC_LP                          00003FFC
_FOSC_XT                          00003FFD
_HS_OSC                           00003FFE
_IDLOC0                           00002000
_IDLOC1                           00002001
_IDLOC2                           00002002
_IDLOC3                           00002003
_LP_OSC                           00003FFC
_LVP_OFF                          00003F7F
_LVP_ON                           00003FFF
_PWRTE_OFF                        00003FFF
_PWRTE_ON                         00003FF7
_RC_OSC                           00003FFF
_WDTE_OFF                         00003FFB
_WDTE_ON                          00003FFF
_WDT_OFF                          00003FFB
_WDT_ON                           00003FFF
_WRT_1FOURTH                      00003BFF
_WRT_256                          00003DFF
_WRT_HALF                         000039FF
_WRT_OFF                          00003FFF
_XT_OSC                           00003FFD
__16F877A                         00000001
__DEBUG                           1
MPASM  5.50                          MAIN.ASM   9-24-2024  19:10:24         PAGE 10


MEMORY USAGE MAP ('X' = Used,  '-' = Unused)


0000 : XXXXXXXXXXXXXXXX XXXXXXXXXXXXXXXX XXXX------------ ----------------

All other memory blocks unused.

Program Memory Words Used:    36
Program Memory Words Free:  8156


Errors   :     0
Warnings :     3 reported,     0 suppressed
Messages :     2 reported,     0 suppressed

